mode: atomic
github.com/soypat/go-fortran/ast/ast.go:35.57,37.2 1 0
github.com/soypat/go-fortran/ast/ast.go:39.51,40.31 1 0
github.com/soypat/go-fortran/ast/ast.go:40.31,41.12 1 0
github.com/soypat/go-fortran/ast/ast.go:41.12,43.4 1 0
github.com/soypat/go-fortran/ast/ast.go:44.3,44.31 1 0
github.com/soypat/go-fortran/ast/ast.go:46.2,46.12 1 0
github.com/soypat/go-fortran/ast/ast.go:49.29,50.23 1 0
github.com/soypat/go-fortran/ast/ast.go:50.23,52.3 1 0
github.com/soypat/go-fortran/ast/ast.go:53.2,53.25 1 0
github.com/soypat/go-fortran/ast/ast.go:56.29,57.23 1 0
github.com/soypat/go-fortran/ast/ast.go:57.23,59.3 1 0
github.com/soypat/go-fortran/ast/ast.go:60.2,60.38 1 0
github.com/soypat/go-fortran/ast/ast.go:71.44,71.45 0 0
github.com/soypat/go-fortran/ast/ast.go:72.44,72.45 0 0
github.com/soypat/go-fortran/ast/ast.go:73.63,75.2 1 0
github.com/soypat/go-fortran/ast/ast.go:76.57,80.2 3 0
github.com/soypat/go-fortran/ast/ast.go:82.35,82.57 1 0
github.com/soypat/go-fortran/ast/ast.go:83.35,83.55 1 0
github.com/soypat/go-fortran/ast/ast.go:95.41,95.42 0 0
github.com/soypat/go-fortran/ast/ast.go:96.41,96.42 0 0
github.com/soypat/go-fortran/ast/ast.go:97.60,99.2 1 0
github.com/soypat/go-fortran/ast/ast.go:100.54,104.33 4 0
github.com/soypat/go-fortran/ast/ast.go:104.33,105.12 1 0
github.com/soypat/go-fortran/ast/ast.go:105.12,107.4 1 0
github.com/soypat/go-fortran/ast/ast.go:108.3,108.31 1 0
github.com/soypat/go-fortran/ast/ast.go:110.2,111.12 2 0
github.com/soypat/go-fortran/ast/ast.go:114.32,114.53 1 0
github.com/soypat/go-fortran/ast/ast.go:115.32,115.51 1 0
github.com/soypat/go-fortran/ast/ast.go:129.39,129.40 0 0
github.com/soypat/go-fortran/ast/ast.go:130.39,130.40 0 0
github.com/soypat/go-fortran/ast/ast.go:131.58,133.2 1 0
github.com/soypat/go-fortran/ast/ast.go:134.52,135.24 1 0
github.com/soypat/go-fortran/ast/ast.go:135.24,138.3 2 0
github.com/soypat/go-fortran/ast/ast.go:139.2,142.33 4 0
github.com/soypat/go-fortran/ast/ast.go:142.33,143.12 1 0
github.com/soypat/go-fortran/ast/ast.go:143.12,145.4 1 0
github.com/soypat/go-fortran/ast/ast.go:146.3,146.31 1 0
github.com/soypat/go-fortran/ast/ast.go:148.2,149.28 2 0
github.com/soypat/go-fortran/ast/ast.go:149.28,153.3 3 0
github.com/soypat/go-fortran/ast/ast.go:154.2,154.12 1 0
github.com/soypat/go-fortran/ast/ast.go:157.30,157.51 1 0
github.com/soypat/go-fortran/ast/ast.go:158.30,158.49 1 0
github.com/soypat/go-fortran/ast/ast.go:169.37,169.38 0 0
github.com/soypat/go-fortran/ast/ast.go:170.37,170.38 0 0
github.com/soypat/go-fortran/ast/ast.go:171.56,173.2 1 0
github.com/soypat/go-fortran/ast/ast.go:174.50,177.25 3 0
github.com/soypat/go-fortran/ast/ast.go:177.25,179.3 1 0
github.com/soypat/go-fortran/ast/ast.go:180.2,180.12 1 0
github.com/soypat/go-fortran/ast/ast.go:183.28,183.49 1 0
github.com/soypat/go-fortran/ast/ast.go:184.28,184.47 1 0
github.com/soypat/go-fortran/ast/ast.go:194.41,194.42 0 0
github.com/soypat/go-fortran/ast/ast.go:195.41,195.42 0 0
github.com/soypat/go-fortran/ast/ast.go:196.60,198.2 1 0
github.com/soypat/go-fortran/ast/ast.go:199.54,201.19 2 0
github.com/soypat/go-fortran/ast/ast.go:201.19,204.3 2 0
github.com/soypat/go-fortran/ast/ast.go:205.2,205.12 1 0
github.com/soypat/go-fortran/ast/ast.go:208.32,208.54 1 0
github.com/soypat/go-fortran/ast/ast.go:209.32,209.52 1 0
github.com/soypat/go-fortran/ast/ast.go:227.47,227.48 0 0
github.com/soypat/go-fortran/ast/ast.go:228.68,230.2 1 0
github.com/soypat/go-fortran/ast/ast.go:231.62,232.15 1 0
github.com/soypat/go-fortran/ast/ast.go:232.15,234.3 1 0
github.com/soypat/go-fortran/ast/ast.go:235.2,235.35 1 0
github.com/soypat/go-fortran/ast/ast.go:237.40,237.62 1 0
github.com/soypat/go-fortran/ast/ast.go:238.40,238.60 1 0
github.com/soypat/go-fortran/ast/ast.go:248.42,248.43 0 0
github.com/soypat/go-fortran/ast/ast.go:249.63,251.2 1 0
github.com/soypat/go-fortran/ast/ast.go:252.57,255.22 3 0
github.com/soypat/go-fortran/ast/ast.go:255.22,257.32 2 0
github.com/soypat/go-fortran/ast/ast.go:257.32,258.13 1 0
github.com/soypat/go-fortran/ast/ast.go:258.13,260.5 1 0
github.com/soypat/go-fortran/ast/ast.go:261.4,261.30 1 0
github.com/soypat/go-fortran/ast/ast.go:264.2,264.12 1 0
github.com/soypat/go-fortran/ast/ast.go:266.35,266.57 1 0
github.com/soypat/go-fortran/ast/ast.go:267.35,267.55 1 0
github.com/soypat/go-fortran/ast/ast.go:278.45,278.46 0 0
github.com/soypat/go-fortran/ast/ast.go:279.66,281.2 1 0
github.com/soypat/go-fortran/ast/ast.go:282.60,284.28 2 0
github.com/soypat/go-fortran/ast/ast.go:284.28,286.38 2 0
github.com/soypat/go-fortran/ast/ast.go:286.38,287.13 1 0
github.com/soypat/go-fortran/ast/ast.go:287.13,289.5 1 0
github.com/soypat/go-fortran/ast/ast.go:290.4,290.39 1 0
github.com/soypat/go-fortran/ast/ast.go:293.2,294.37 2 0
github.com/soypat/go-fortran/ast/ast.go:294.37,295.12 1 0
github.com/soypat/go-fortran/ast/ast.go:295.12,297.4 1 0
github.com/soypat/go-fortran/ast/ast.go:298.3,298.36 1 0
github.com/soypat/go-fortran/ast/ast.go:300.2,300.12 1 0
github.com/soypat/go-fortran/ast/ast.go:302.38,302.60 1 0
github.com/soypat/go-fortran/ast/ast.go:303.38,303.58 1 0
github.com/soypat/go-fortran/ast/ast.go:315.42,316.13 1 0
github.com/soypat/go-fortran/ast/ast.go:317.25,318.20 1 0
github.com/soypat/go-fortran/ast/ast.go:319.24,320.19 1 0
github.com/soypat/go-fortran/ast/ast.go:321.25,322.20 1 0
github.com/soypat/go-fortran/ast/ast.go:323.28,324.24 1 0
github.com/soypat/go-fortran/ast/ast.go:325.10,326.19 1 0
github.com/soypat/go-fortran/ast/ast.go:363.38,364.12 1 0
github.com/soypat/go-fortran/ast/ast.go:365.16,366.14 1 0
github.com/soypat/go-fortran/ast/ast.go:367.17,368.15 1 0
github.com/soypat/go-fortran/ast/ast.go:369.19,370.17 1 0
github.com/soypat/go-fortran/ast/ast.go:371.10,372.12 1 0
github.com/soypat/go-fortran/ast/ast.go:393.40,393.41 0 0
github.com/soypat/go-fortran/ast/ast.go:394.60,396.2 1 0
github.com/soypat/go-fortran/ast/ast.go:397.54,399.2 1 0
github.com/soypat/go-fortran/ast/ast.go:401.32,401.53 1 0
github.com/soypat/go-fortran/ast/ast.go:402.32,402.51 1 0
github.com/soypat/go-fortran/ast/ast.go:411.45,411.46 0 0
github.com/soypat/go-fortran/ast/ast.go:412.65,414.2 1 0
github.com/soypat/go-fortran/ast/ast.go:415.59,418.2 1 0
github.com/soypat/go-fortran/ast/ast.go:420.37,420.59 1 0
github.com/soypat/go-fortran/ast/ast.go:421.37,421.57 1 0
github.com/soypat/go-fortran/ast/print.go:17.51,18.18 1 20
github.com/soypat/go-fortran/ast/print.go:19.98,20.20 1 8
github.com/soypat/go-fortran/ast/print.go:22.2,22.13 1 12
github.com/soypat/go-fortran/ast/print.go:28.54,36.2 2 4
github.com/soypat/go-fortran/ast/print.go:39.25,41.2 1 0
github.com/soypat/go-fortran/ast/print.go:51.54,53.2 1 153
github.com/soypat/go-fortran/ast/print.go:55.48,57.18 1 29
github.com/soypat/go-fortran/ast/print.go:57.18,60.3 2 1
github.com/soypat/go-fortran/ast/print.go:63.2,63.49 1 28
github.com/soypat/go-fortran/ast/print.go:63.49,65.3 1 1
github.com/soypat/go-fortran/ast/print.go:68.2,68.33 1 28
github.com/soypat/go-fortran/ast/print.go:68.33,69.16 1 4
github.com/soypat/go-fortran/ast/print.go:69.16,73.4 3 0
github.com/soypat/go-fortran/ast/print.go:76.3,77.44 2 4
github.com/soypat/go-fortran/ast/print.go:77.44,80.4 2 0
github.com/soypat/go-fortran/ast/print.go:83.3,86.15 2 4
github.com/soypat/go-fortran/ast/print.go:90.2,93.18 2 28
github.com/soypat/go-fortran/ast/print.go:94.22,96.23 2 6
github.com/soypat/go-fortran/ast/print.go:96.23,99.38 3 6
github.com/soypat/go-fortran/ast/print.go:99.38,104.28 3 27
github.com/soypat/go-fortran/ast/print.go:104.28,105.14 1 0
github.com/soypat/go-fortran/ast/print.go:109.5,109.53 1 27
github.com/soypat/go-fortran/ast/print.go:109.53,110.14 1 6
github.com/soypat/go-fortran/ast/print.go:114.5,117.19 4 21
github.com/soypat/go-fortran/ast/print.go:119.4,120.19 2 6
github.com/soypat/go-fortran/ast/print.go:122.3,122.16 1 6
github.com/soypat/go-fortran/ast/print.go:124.21,125.16 1 3
github.com/soypat/go-fortran/ast/print.go:125.16,129.4 3 0
github.com/soypat/go-fortran/ast/print.go:131.3,132.18 2 3
github.com/soypat/go-fortran/ast/print.go:132.18,135.33 3 3
github.com/soypat/go-fortran/ast/print.go:135.33,140.5 4 4
github.com/soypat/go-fortran/ast/print.go:141.4,142.19 2 3
github.com/soypat/go-fortran/ast/print.go:144.3,144.16 1 3
github.com/soypat/go-fortran/ast/print.go:146.22,151.20 4 7
github.com/soypat/go-fortran/ast/print.go:153.78,154.26 1 11
github.com/soypat/go-fortran/ast/print.go:156.83,157.27 1 0
github.com/soypat/go-fortran/ast/print.go:159.40,160.28 1 0
github.com/soypat/go-fortran/ast/print.go:162.20,163.27 1 1
github.com/soypat/go-fortran/ast/print.go:165.21,167.18 2 0
github.com/soypat/go-fortran/ast/print.go:167.18,170.33 3 0
github.com/soypat/go-fortran/ast/print.go:170.33,175.5 4 0
github.com/soypat/go-fortran/ast/print.go:176.4,177.19 2 0
github.com/soypat/go-fortran/ast/print.go:179.3,179.16 1 0
github.com/soypat/go-fortran/ast/print.go:181.10,183.32 1 0
github.com/soypat/go-fortran/ast/print.go:186.2,186.12 1 28
github.com/soypat/go-fortran/ast/print.go:189.33,190.32 1 34
github.com/soypat/go-fortran/ast/print.go:190.32,192.3 1 56
github.com/soypat/go-fortran/ast/walk.go:15.33,16.33 1 34
github.com/soypat/go-fortran/ast/walk.go:16.33,18.3 1 2
github.com/soypat/go-fortran/ast/walk.go:21.2,21.26 1 32
github.com/soypat/go-fortran/ast/walk.go:22.21,22.21 0 1
github.com/soypat/go-fortran/ast/walk.go:25.19,25.19 0 12
github.com/soypat/go-fortran/ast/walk.go:28.17,28.17 0 10
github.com/soypat/go-fortran/ast/walk.go:31.15,33.35 1 9
github.com/soypat/go-fortran/ast/walk.go:33.35,35.4 1 25
github.com/soypat/go-fortran/ast/walk.go:37.18,37.18 0 0
github.com/soypat/go-fortran/ast/walk.go:40.19,40.19 0 0
github.com/soypat/go-fortran/ast/walk.go:43.23,43.23 0 0
github.com/soypat/go-fortran/ast/walk.go:49.2,49.14 1 32
github.com/soypat/go-fortran/ast/walk.go:59.44,61.2 1 5
github.com/soypat/go-fortran/ast/walk.go:65.45,66.13 1 44
github.com/soypat/go-fortran/ast/walk.go:66.13,68.3 1 42
github.com/soypat/go-fortran/ast/walk.go:69.2,69.12 1 2
github.com/soypat/go-fortran/ast/walk.go:73.39,74.25 1 0
github.com/soypat/go-fortran/ast/walk.go:74.25,76.3 1 0
github.com/soypat/go-fortran/token/stringers.go:156.32,157.46 1 0
github.com/soypat/go-fortran/token/stringers.go:157.46,159.3 1 0
github.com/soypat/go-fortran/token/stringers.go:160.2,160.55 1 0
github.com/soypat/go-fortran/token/token.go:204.35,206.2 1 0
github.com/soypat/go-fortran/token/token.go:208.40,210.2 1 0
github.com/soypat/go-fortran/token/token.go:213.43,215.2 1 0
github.com/soypat/go-fortran/token/token.go:218.37,220.13 1 0
github.com/soypat/go-fortran/token/token.go:221.72,222.14 1 0
github.com/soypat/go-fortran/token/token.go:223.10,224.37 1 0
github.com/soypat/go-fortran/token/token.go:229.36,231.2 1 0
github.com/soypat/go-fortran/token/token.go:234.37,236.2 1 0
github.com/soypat/go-fortran/token/token.go:239.35,241.2 1 0
